app/build/intermediates/manifest_merge_blame_file/debug/manifest-merger-blame-debug-report.txt
1<?xml version="1.0" encoding="utf-8"?>
2<manifest xmlns:android="http://schemas.android.com/apk/res/android"
3    package="com.example.arbolizapp"
4    android:versionCode="1"
5    android:versionName="1.0" >
6
7    <uses-sdk
8        android:minSdkVersion="28"
8-->src\main\AndroidManifest.xml
9        android:targetSdkVersion="29" />
9-->src\main\AndroidManifest.xml
10    <!--
11         The ACCESS_COARSE/FINE_LOCATION permissions are not required to use
12         Google Maps Android API v2, but you must specify either coarse or fine
13         location permissions for the 'MyLocation' functionality.
14    -->
15    <uses-permission android:name="android.permission.ACCESS_FINE_LOCATION" />
15-->src\main\AndroidManifest.xml:9:5-79
15-->src\main\AndroidManifest.xml:9:22-76
16    <uses-permission android:name="android.permission.INTERNET" />
16-->src\main\AndroidManifest.xml:10:5-67
16-->src\main\AndroidManifest.xml:10:22-64
17
18    <!-- Include required permissions for Google Maps API to run. -->
19    <uses-permission android:name="android.permission.ACCESS_NETWORK_STATE" />
19-->[com.google.android.gms:play-services-maps:17.0.0] AndroidManifest.xml:23:5-79
19-->[com.google.android.gms:play-services-maps:17.0.0] AndroidManifest.xml:23:22-76
20
21    <uses-feature
21-->[com.google.android.gms:play-services-maps:17.0.0] AndroidManifest.xml:26:5-28:35
22        android:glEsVersion="0x00020000"
22-->[com.google.android.gms:play-services-maps:17.0.0] AndroidManifest.xml:27:9-41
23        android:required="true" />
23-->[com.google.android.gms:play-services-maps:17.0.0] AndroidManifest.xml:28:9-32
24
25    <application
25-->src\main\AndroidManifest.xml:12:5-59:19
26        android:allowBackup="true"
26-->src\main\AndroidManifest.xml:13:9-35
27        android:appComponentFactory="androidx.core.app.CoreComponentFactory"
27-->[androidx.core:core:1.1.0] AndroidManifest.xml:24:18-86
28        android:debuggable="true"
29        android:extractNativeLibs="false"
30        android:icon="@mipmap/ic_launcher"
30-->src\main\AndroidManifest.xml:14:9-43
31        android:label="@string/app_name"
31-->src\main\AndroidManifest.xml:15:9-41
32        android:roundIcon="@mipmap/ic_launcher_round"
32-->src\main\AndroidManifest.xml:16:9-54
33        android:supportsRtl="true"
33-->src\main\AndroidManifest.xml:17:9-35
34        android:testOnly="true"
35        android:theme="@style/AppTheme"
35-->src\main\AndroidManifest.xml:18:9-40
36        android:usesCleartextTraffic="true" >
36-->src\main\AndroidManifest.xml:19:9-44
37        <activity
37-->src\main\AndroidManifest.xml:20:9-22:72
38            android:name="com.example.arbolizapp.ViverpActivity"
38-->src\main\AndroidManifest.xml:21:13-43
39            android:theme="@style/Theme.AppCompat.Light.NoActionBar" />
39-->src\main\AndroidManifest.xml:22:13-69
40        <activity
40-->src\main\AndroidManifest.xml:23:9-26:59
41            android:name="com.example.arbolizapp.MenuActivity"
41-->src\main\AndroidManifest.xml:24:13-41
42            android:label=""
42-->src\main\AndroidManifest.xml:25:13-29
43            android:theme="@style/AppTheme.NoActionBar" />
43-->src\main\AndroidManifest.xml:26:13-56
44        <activity android:name="com.example.arbolizapp.PruebaApi" />
44-->src\main\AndroidManifest.xml:27:9-47
44-->src\main\AndroidManifest.xml:27:19-44
45        <activity
45-->src\main\AndroidManifest.xml:28:9-31:72
46            android:name="com.example.arbolizapp.Profile"
46-->src\main\AndroidManifest.xml:29:13-36
47            android:label=""
47-->src\main\AndroidManifest.xml:30:13-29
48            android:theme="@style/Theme.AppCompat.Light.NoActionBar" />
48-->src\main\AndroidManifest.xml:31:13-69
49        <!--
50             The API key for Google Maps-based APIs is defined as a string resource.
51             (See the file "res/values/google_maps_api.xml").
52             Note that the API key is linked to the encryption key used to sign the APK.
53             You need a different API key for each encryption key, including the release key that is used to
54             sign the APK for publishing.
55             You can define the keys for the debug and release targets in src/debug/ and src/release/.
56        -->
57        <meta-data
57-->src\main\AndroidManifest.xml:40:9-42:55
58            android:name="com.google.android.geo.API_KEY"
58-->src\main\AndroidManifest.xml:41:13-58
59            android:value="@string/google_maps_key" />
59-->src\main\AndroidManifest.xml:42:13-52
60        <meta-data
60-->src\main\AndroidManifest.xml:43:9-45:57
61            android:name="preloaded_fonts"
61-->src\main\AndroidManifest.xml:44:13-43
62            android:resource="@array/preloaded_fonts" />
62-->src\main\AndroidManifest.xml:45:13-54
63
64        <activity
64-->src\main\AndroidManifest.xml:47:9-49:72
65            android:name="com.example.arbolizapp.Register"
65-->src\main\AndroidManifest.xml:48:13-37
66            android:theme="@style/Theme.AppCompat.Light.NoActionBar" />
66-->src\main\AndroidManifest.xml:49:13-69
67        <activity
67-->src\main\AndroidManifest.xml:50:9-58:20
68            android:name="com.example.arbolizapp.MainActivity"
68-->src\main\AndroidManifest.xml:51:13-41
69            android:theme="@style/Theme.AppCompat.Light.NoActionBar" >
69-->src\main\AndroidManifest.xml:52:13-69
70            <intent-filter>
70-->src\main\AndroidManifest.xml:53:13-57:29
71                <action android:name="android.intent.action.MAIN" />
71-->src\main\AndroidManifest.xml:54:17-69
71-->src\main\AndroidManifest.xml:54:25-66
72
73                <category android:name="android.intent.category.LAUNCHER" />
73-->src\main\AndroidManifest.xml:56:17-77
73-->src\main\AndroidManifest.xml:56:27-74
74            </intent-filter>
75        </activity>
76        <!-- Needs to be explicitly declared on P+ -->
77        <uses-library
77-->[com.google.android.gms:play-services-maps:17.0.0] AndroidManifest.xml:33:9-35:40
78            android:name="org.apache.http.legacy"
78-->[com.google.android.gms:play-services-maps:17.0.0] AndroidManifest.xml:34:13-50
79            android:required="false" />
79-->[com.google.android.gms:play-services-maps:17.0.0] AndroidManifest.xml:35:13-37
80
81        <provider
81-->[com.squareup.picasso:picasso:2.71828] AndroidManifest.xml:8:9-11:40
82            android:name="com.squareup.picasso.PicassoProvider"
82-->[com.squareup.picasso:picasso:2.71828] AndroidManifest.xml:9:13-64
83            android:authorities="com.example.arbolizapp.com.squareup.picasso"
83-->[com.squareup.picasso:picasso:2.71828] AndroidManifest.xml:10:13-72
84            android:exported="false" />
84-->[com.squareup.picasso:picasso:2.71828] AndroidManifest.xml:11:13-37
85
86        <activity
86-->[com.google.android.gms:play-services-base:17.0.0] AndroidManifest.xml:23:9-26:75
87            android:name="com.google.android.gms.common.api.GoogleApiActivity"
87-->[com.google.android.gms:play-services-base:17.0.0] AndroidManifest.xml:24:13-79
88            android:exported="false"
88-->[com.google.android.gms:play-services-base:17.0.0] AndroidManifest.xml:25:13-37
89            android:theme="@android:style/Theme.Translucent.NoTitleBar" />
89-->[com.google.android.gms:play-services-base:17.0.0] AndroidManifest.xml:26:13-72
90
91        <meta-data
91-->[com.google.android.gms:play-services-basement:17.0.0] AndroidManifest.xml:23:9-25:69
92            android:name="com.google.android.gms.version"
92-->[com.google.android.gms:play-services-basement:17.0.0] AndroidManifest.xml:24:13-58
93            android:value="@integer/google_play_services_version" />
93-->[com.google.android.gms:play-services-basement:17.0.0] AndroidManifest.xml:25:13-66
94
95        <provider
95-->[androidx.lifecycle:lifecycle-process:2.2.0] AndroidManifest.xml:25:9-29:43
96            android:name="androidx.lifecycle.ProcessLifecycleOwnerInitializer"
96-->[androidx.lifecycle:lifecycle-process:2.2.0] AndroidManifest.xml:26:13-79
97            android:authorities="com.example.arbolizapp.lifecycle-process"
97-->[androidx.lifecycle:lifecycle-process:2.2.0] AndroidManifest.xml:27:13-69
98            android:exported="false"
98-->[androidx.lifecycle:lifecycle-process:2.2.0] AndroidManifest.xml:28:13-37
99            android:multiprocess="true" />
99-->[androidx.lifecycle:lifecycle-process:2.2.0] AndroidManifest.xml:29:13-40
100    </application>
101
102</manifest>